18 66 315
2 85 387
1 5 966
84 55 476
3 89 999
41 61 123
19 61 517
43 25 590
65 81 993
92 8 788
0 49 215
27 20 487
33 1 47
69 43 595
49 62 268
49 99 122
46 45 994
13 33 42
10 49 160
81 64 940
93 26 585
64 49 519
37 95 744
66 60 994
14 72 496
32 5 144
42 93 465
90 60 648
87 31 225
54 3 0
87 29 900
37 51 214
46 7 289
4 33 510
97 60 902
90 30 821
77 57 453
44 31 52
85 0 515
82 48 851
85 17 681
45 92 517
3 56 848
83 4 532
57 92 6
38 18 706
48 6 142
20 47 609
93 51 556
83 97 646
51 70 826
93 65 124
6 67 91
25 18 594
72 35 16
95 1 15
62 55 756
88 36 695
16 34 501
29 93 62
79 94 88
6 51 445
19 26 192
57 93 998
15 31 674
74 42 998
97 51 148
69 41 445
23 5 316
32 60 350
68 74 337
23 16 402
43 20 571
47 56 292
32 57 641
56 68 177
36 98 739
55 18 932
13 94 945
66 54 685
19 98 197
49 52 195
73 55 473
12 48 822
11 45 136
69 65 789
12 2 976
10 38 687
95 10 731
50 38 352
82 8 900
32 49 875
91 7 296
99 1 184
43 67 862
45 14 829
26 46 245
97 87 101
95 69 242
56 89 507
8 9 407
24 59 271
69 45 625
8 42 979
29 4 243
64 53 520
39 21 695
71 53 905
10 65 504
52 61 770
9 68 255
64 0 262
36 6 363
2 27 82
48 39 82
68 15 341
98 15 43
54 28 514
30 54 205
85 16 203
51 26 103
50 99 855
35 21 106
4 75 478
74 27 804
33 22 247
96 85 941
44 49 556
66 10 254
14 87 980
9 0 766
80 9 708
80 35 709
65 99 813
96 46 823
50 66 798
65 44 299
17 86 609
22 0 137
24 71 120
17 0 758
98 2 80
48 16 547
38 82 199
88 65 694
34 84 142
33 63 480
96 60 333
29 92 467
43 62 486
29 59 434
61 71 579
2 31 570
38 76 804
9 67 510
73 26 19
1 74 586
20 28 660
76 16 93
84 53 443
31 84 81
68 51 166
48 36 36
32 21 112
58 20 570
83 73 518
58 14 19
5 5 42
75 99 91
40 17 768
10 26 339
13 54 866
31 14 979
65 94 625
10 71 411
47 84 646
52 21 328
55 62 497
54 54 375
7 87 80
90 36 191
29 94 157
86 60 436
78 37 214
29 74 732
7 98 270
89 32 554
96 36 985
36 66 583
5 67 265
43 59 233
58 27 196
51 82 957
65 52 707
53 85 263
70 54 433
72 3 717
15 73 349
47 85 40
31 21 418
11 -1
12 -1
13 -1
19 -1
21 -1
23 -1
24 -1
28 -1
40 -1
50 -1
58 -1
59 -1
60 -1
63 -1
67 -1
77 -1
78 -1
79 -1
80 -1
83 -1
88 -1
90 -1
91 -1
94 -1
96 -1
